20 Mar 2023 12:20:32,022 INFO  CsharpProj.repository.AgencyRepository 46 findAll - Agency - findAll - Enter
20 Mar 2023 12:20:32,248 INFO  CsharpProj.repository.AgencyRepository 69 findAll - Agency - findAll - Exit
20 Mar 2023 12:28:38,075 INFO  CsharpProj.repository.AgencyRepository 46 findAll - Agency - findAll - Enter
20 Mar 2023 12:28:38,356 INFO  CsharpProj.repository.AgencyRepository 69 findAll - Agency - findAll - Exit
20 Mar 2023 12:28:38,357 INFO  CsharpProj.repository.FlightRepository 49 findAll - Flight - findAll - Enter
20 Mar 2023 12:28:38,360 INFO  CsharpProj.repository.FlightRepository 75 findAll - Flight - findAll - Exit
20 Mar 2023 12:28:38,360 INFO  CsharpProj.repository.BookingRepository 64 findAll - Booking - findAll - Enter
20 Mar 2023 12:28:38,361 INFO  CsharpProj.repository.BookingRepository 106 findAll - Booking - findAll - Exit
20 Mar 2023 12:28:38,361 INFO  CsharpProj.repository.BookingRepository 64 findAll - Booking - findAll - Enter
20 Mar 2023 12:28:38,362 INFO  CsharpProj.repository.BookingRepository 106 findAll - Booking - findAll - Exit
20 Mar 2023 12:29:02,688 INFO  CsharpProj.repository.AgencyRepository 46 findAll - Agency - findAll - Enter
20 Mar 2023 12:29:02,956 INFO  CsharpProj.repository.AgencyRepository 69 findAll - Agency - findAll - Exit
20 Mar 2023 12:29:02,957 INFO  CsharpProj.repository.FlightRepository 49 findAll - Flight - findAll - Enter
20 Mar 2023 12:29:02,960 INFO  CsharpProj.repository.FlightRepository 75 findAll - Flight - findAll - Exit
20 Mar 2023 12:29:02,960 INFO  CsharpProj.repository.BookingRepository 64 findAll - Booking - findAll - Enter
20 Mar 2023 12:29:02,961 INFO  CsharpProj.repository.BookingRepository 106 findAll - Booking - findAll - Exit
20 Mar 2023 12:29:02,961 INFO  CsharpProj.repository.BookingRepository 64 findAll - Booking - findAll - Enter
20 Mar 2023 12:29:02,962 INFO  CsharpProj.repository.BookingRepository 106 findAll - Booking - findAll - Exit
20 Mar 2023 12:30:15,277 INFO  CsharpProj.repository.AgencyRepository 46 findAll - Agency - findAll - Enter
20 Mar 2023 12:30:15,495 INFO  CsharpProj.repository.AgencyRepository 69 findAll - Agency - findAll - Exit
20 Mar 2023 12:30:15,495 INFO  CsharpProj.repository.FlightRepository 49 findAll - Flight - findAll - Enter
20 Mar 2023 12:30:15,498 INFO  CsharpProj.repository.FlightRepository 75 findAll - Flight - findAll - Exit
20 Mar 2023 12:30:15,498 INFO  CsharpProj.repository.BookingRepository 64 findAll - Booking - findAll - Enter
20 Mar 2023 12:30:15,500 INFO  CsharpProj.repository.BookingRepository 106 findAll - Booking - findAll - Exit
20 Mar 2023 12:30:15,500 INFO  CsharpProj.repository.BookingRepository 64 findAll - Booking - findAll - Enter
20 Mar 2023 12:30:15,500 INFO  CsharpProj.repository.BookingRepository 106 findAll - Booking - findAll - Exit
20 Mar 2023 12:32:28,267 INFO  CsharpProj.repository.AgencyRepository 46 findAll - Agency - findAll - Enter
20 Mar 2023 12:32:28,541 INFO  CsharpProj.repository.AgencyRepository 69 findAll - Agency - findAll - Exit
20 Mar 2023 12:32:28,542 INFO  CsharpProj.repository.FlightRepository 49 findAll - Flight - findAll - Enter
20 Mar 2023 12:32:28,544 INFO  CsharpProj.repository.FlightRepository 75 findAll - Flight - findAll - Exit
20 Mar 2023 12:32:28,545 INFO  CsharpProj.repository.BookingRepository 64 findAll - Booking - findAll - Enter
20 Mar 2023 12:32:28,546 INFO  CsharpProj.repository.BookingRepository 106 findAll - Booking - findAll - Exit
20 Mar 2023 12:32:28,546 INFO  CsharpProj.repository.BookingRepository 64 findAll - Booking - findAll - Enter
20 Mar 2023 12:32:28,547 INFO  CsharpProj.repository.BookingRepository 106 findAll - Booking - findAll - Exit
20 Mar 2023 12:32:35,270 INFO  CsharpProj.repository.AgencyRepository 46 findAll - Agency - findAll - Enter
20 Mar 2023 12:32:35,460 INFO  CsharpProj.repository.AgencyRepository 69 findAll - Agency - findAll - Exit
20 Mar 2023 12:32:35,460 INFO  CsharpProj.repository.FlightRepository 49 findAll - Flight - findAll - Enter
20 Mar 2023 12:32:35,462 INFO  CsharpProj.repository.FlightRepository 75 findAll - Flight - findAll - Exit
20 Mar 2023 12:32:35,463 INFO  CsharpProj.repository.BookingRepository 64 findAll - Booking - findAll - Enter
20 Mar 2023 12:32:35,464 INFO  CsharpProj.repository.BookingRepository 106 findAll - Booking - findAll - Exit
20 Mar 2023 12:32:35,464 INFO  CsharpProj.repository.BookingRepository 64 findAll - Booking - findAll - Enter
20 Mar 2023 12:32:35,465 INFO  CsharpProj.repository.BookingRepository 106 findAll - Booking - findAll - Exit
04 Apr 2023 22:49:17,938 INFO  CsharpProj.repository.FlightRepository 110 findFlightByDestinationAndDate - Flight - findFlightByDestinationAndDate - Enter
04 Apr 2023 22:49:18,276 INFO  CsharpProj.repository.FlightRepository 140 findFlightByDestinationAndDate - Flight - findFlightByDestinationAndDate - Exit
04 Apr 2023 22:50:31,331 INFO  CsharpProj.repository.FlightRepository 110 findFlightByDestinationAndDate - Flight - findFlightByDestinationAndDate - Enter
04 Apr 2023 22:50:31,647 INFO  CsharpProj.repository.FlightRepository 140 findFlightByDestinationAndDate - Flight - findFlightByDestinationAndDate - Exit
04 Apr 2023 22:51:15,641 INFO  CsharpProj.repository.FlightRepository 110 findFlightByDestinationAndDate - Flight - findFlightByDestinationAndDate - Enter
04 Apr 2023 22:53:27,431 INFO  CsharpProj.repository.FlightRepository 48 findAll - Flight - findAll - Enter
04 Apr 2023 22:53:27,675 INFO  CsharpProj.repository.FlightRepository 74 findAll - Flight - findAll - Exit
04 Apr 2023 22:53:27,676 INFO  CsharpProj.repository.FlightRepository 110 findFlightByDestinationAndDate - Flight - findFlightByDestinationAndDate - Enter
04 Apr 2023 22:53:27,684 INFO  CsharpProj.repository.FlightRepository 140 findFlightByDestinationAndDate - Flight - findFlightByDestinationAndDate - Exit
04 Apr 2023 22:54:34,657 INFO  CsharpProj.repository.FlightRepository 48 findAll - Flight - findAll - Enter
04 Apr 2023 22:54:34,884 INFO  CsharpProj.repository.FlightRepository 74 findAll - Flight - findAll - Exit
04 Apr 2023 22:54:34,884 INFO  CsharpProj.repository.FlightRepository 110 findFlightByDestinationAndDate - Flight - findFlightByDestinationAndDate - Enter
04 Apr 2023 22:54:34,892 INFO  CsharpProj.repository.FlightRepository 140 findFlightByDestinationAndDate - Flight - findFlightByDestinationAndDate - Exit
04 Apr 2023 22:55:45,587 INFO  CsharpProj.repository.FlightRepository 48 findAll - Flight - findAll - Enter
04 Apr 2023 22:55:45,811 INFO  CsharpProj.repository.FlightRepository 74 findAll - Flight - findAll - Exit
04 Apr 2023 22:55:45,812 INFO  CsharpProj.repository.FlightRepository 110 findFlightByDestinationAndDate - Flight - findFlightByDestinationAndDate - Enter
04 Apr 2023 22:55:45,819 INFO  CsharpProj.repository.FlightRepository 140 findFlightByDestinationAndDate - Flight - findFlightByDestinationAndDate - Exit
04 Apr 2023 22:57:11,367 INFO  CsharpProj.repository.FlightRepository 48 findAll - Flight - findAll - Enter
04 Apr 2023 22:57:11,585 INFO  CsharpProj.repository.FlightRepository 74 findAll - Flight - findAll - Exit
04 Apr 2023 22:57:11,586 INFO  CsharpProj.repository.FlightRepository 110 findFlightByDestinationAndDate - Flight - findFlightByDestinationAndDate - Enter
04 Apr 2023 22:57:11,593 INFO  CsharpProj.repository.FlightRepository 140 findFlightByDestinationAndDate - Flight - findFlightByDestinationAndDate - Exit
04 Apr 2023 22:57:11,594 INFO  CsharpProj.repository.AgencyRepository 99 existsUser - Agency - existsUser - Enter
04 Apr 2023 22:57:11,597 INFO  CsharpProj.repository.AgencyRepository 118 existsUser - Agency - existsUser - Exit
04 Apr 2023 22:57:17,731 INFO  CsharpProj.repository.FlightRepository 48 findAll - Flight - findAll - Enter
04 Apr 2023 22:57:17,924 INFO  CsharpProj.repository.FlightRepository 74 findAll - Flight - findAll - Exit
04 Apr 2023 22:57:17,924 INFO  CsharpProj.repository.FlightRepository 110 findFlightByDestinationAndDate - Flight - findFlightByDestinationAndDate - Enter
04 Apr 2023 22:57:17,932 INFO  CsharpProj.repository.FlightRepository 140 findFlightByDestinationAndDate - Flight - findFlightByDestinationAndDate - Exit
04 Apr 2023 22:57:17,933 INFO  CsharpProj.repository.AgencyRepository 99 existsUser - Agency - existsUser - Enter
04 Apr 2023 22:57:17,933 INFO  CsharpProj.repository.AgencyRepository 118 existsUser - Agency - existsUser - Exit
04 Apr 2023 22:57:17,933 INFO  CsharpProj.repository.AgencyRepository 99 existsUser - Agency - existsUser - Enter
04 Apr 2023 22:57:17,934 INFO  CsharpProj.repository.AgencyRepository 118 existsUser - Agency - existsUser - Exit
05 Apr 2023 08:36:01,839 INFO  CsharpProj.repository.FlightRepository 48 findAll - Flight - findAll - Enter
05 Apr 2023 08:36:02,232 INFO  CsharpProj.repository.FlightRepository 74 findAll - Flight - findAll - Exit
05 Apr 2023 08:36:02,233 INFO  CsharpProj.repository.FlightRepository 110 findFlightByDestinationAndDate - Flight - findFlightByDestinationAndDate - Enter
05 Apr 2023 08:36:02,242 INFO  CsharpProj.repository.FlightRepository 140 findFlightByDestinationAndDate - Flight - findFlightByDestinationAndDate - Exit
05 Apr 2023 08:36:02,243 INFO  CsharpProj.repository.AgencyRepository 99 existsUser - Agency - existsUser - Enter
05 Apr 2023 08:36:02,244 INFO  CsharpProj.repository.AgencyRepository 118 existsUser - Agency - existsUser - Exit
05 Apr 2023 08:36:02,244 INFO  CsharpProj.repository.AgencyRepository 99 existsUser - Agency - existsUser - Enter
05 Apr 2023 08:36:02,244 INFO  CsharpProj.repository.AgencyRepository 118 existsUser - Agency - existsUser - Exit
